<?xml version="1.0" encoding="UTF-8"?>
<testng-results skipped="0" failed="0" total="3" passed="3">
  <reporter-output>
  </reporter-output>
  <suite name="Surefire suite" duration-ms="1406" started-at="2017-10-11T05:50:34Z" finished-at="2017-10-11T05:50:36Z">
    <groups>
    </groups>
    <test name="Surefire test" duration-ms="1406" started-at="2017-10-11T05:50:34Z" finished-at="2017-10-11T05:50:36Z">
      <class name="com.smart.service.UserServiceTest">
        <test-method status="PASS" signature="springTestContextBeforeTestClass()[pri:0, instance:com.smart.service.UserServiceTest@5c5a1b69]" name="springTestContextBeforeTestClass" is-config="true" duration-ms="7" started-at="2017-10-11T13:50:34Z" finished-at="2017-10-11T13:50:34Z">
          <reporter-output>
          </reporter-output>
        </test-method> <!-- springTestContextBeforeTestClass -->
        <test-method status="PASS" signature="springTestContextPrepareTestInstance()[pri:0, instance:com.smart.service.UserServiceTest@5c5a1b69]" name="springTestContextPrepareTestInstance" is-config="true" duration-ms="864" started-at="2017-10-11T13:50:34Z" depends-on-methods="org.springframework.test.context.testng.AbstractTestNGSpringContextTests.springTestContextBeforeTestClass" finished-at="2017-10-11T13:50:35Z">
          <reporter-output>
          </reporter-output>
        </test-method> <!-- springTestContextPrepareTestInstance -->
        <test-method status="PASS" signature="springTestContextBeforeTestMethod(java.lang.reflect.Method)[pri:0, instance:com.smart.service.UserServiceTest@5c5a1b69]" name="springTestContextBeforeTestMethod" is-config="true" duration-ms="335" started-at="2017-10-11T13:50:35Z" finished-at="2017-10-11T13:50:36Z">
          <params>
            <param index="0">
              <value>
                <![CDATA[public void com.smart.service.UserServiceTest.testHasMatchUser()]]>
              </value>
            </param>
          </params>
          <reporter-output>
          </reporter-output>
        </test-method> <!-- springTestContextBeforeTestMethod -->
        <test-method status="PASS" signature="springTestContextBeforeTestMethod(java.lang.reflect.Method)[pri:0, instance:com.smart.service.UserServiceTest@5c5a1b69]" name="springTestContextBeforeTestMethod" is-config="true" duration-ms="334" started-at="2017-10-11T13:50:35Z" finished-at="2017-10-11T13:50:36Z">
          <params>
            <param index="0">
              <value>
                <![CDATA[public void com.smart.service.UserServiceTest.testFindUserByUserName() throws java.lang.Exception]]>
              </value>
            </param>
          </params>
          <reporter-output>
          </reporter-output>
        </test-method> <!-- springTestContextBeforeTestMethod -->
        <test-method status="PASS" signature="springTestContextBeforeTestMethod(java.lang.reflect.Method)[pri:0, instance:com.smart.service.UserServiceTest@5c5a1b69]" name="springTestContextBeforeTestMethod" is-config="true" duration-ms="335" started-at="2017-10-11T13:50:35Z" finished-at="2017-10-11T13:50:36Z">
          <params>
            <param index="0">
              <value>
                <![CDATA[public void com.smart.service.UserServiceTest.testAddLoginLog()]]>
              </value>
            </param>
          </params>
          <reporter-output>
          </reporter-output>
        </test-method> <!-- springTestContextBeforeTestMethod -->
        <test-method status="PASS" signature="testFindUserByUserName()[pri:0, instance:com.smart.service.UserServiceTest@5c5a1b69]" name="testFindUserByUserName" duration-ms="159" started-at="2017-10-11T13:50:36Z" finished-at="2017-10-11T13:50:36Z">
          <reporter-output>
          </reporter-output>
        </test-method> <!-- testFindUserByUserName -->
        <test-method status="PASS" signature="testAddLoginLog()[pri:0, instance:com.smart.service.UserServiceTest@5c5a1b69]" name="testAddLoginLog" duration-ms="139" started-at="2017-10-11T13:50:36Z" finished-at="2017-10-11T13:50:36Z">
          <reporter-output>
          </reporter-output>
        </test-method> <!-- testAddLoginLog -->
        <test-method status="PASS" signature="testHasMatchUser()[pri:0, instance:com.smart.service.UserServiceTest@5c5a1b69]" name="testHasMatchUser" duration-ms="46" started-at="2017-10-11T13:50:36Z" finished-at="2017-10-11T13:50:36Z">
          <reporter-output>
          </reporter-output>
        </test-method> <!-- testHasMatchUser -->
        <test-method status="PASS" signature="springTestContextAfterTestMethod(java.lang.reflect.Method)[pri:0, instance:com.smart.service.UserServiceTest@5c5a1b69]" name="springTestContextAfterTestMethod" is-config="true" duration-ms="11" started-at="2017-10-11T13:50:36Z" finished-at="2017-10-11T13:50:36Z">
          <params>
            <param index="0">
              <value>
                <![CDATA[public void com.smart.service.UserServiceTest.testHasMatchUser()]]>
              </value>
            </param>
          </params>
          <reporter-output>
          </reporter-output>
        </test-method> <!-- springTestContextAfterTestMethod -->
        <test-method status="PASS" signature="springTestContextAfterTestMethod(java.lang.reflect.Method)[pri:0, instance:com.smart.service.UserServiceTest@5c5a1b69]" name="springTestContextAfterTestMethod" is-config="true" duration-ms="45" started-at="2017-10-11T13:50:36Z" finished-at="2017-10-11T13:50:36Z">
          <params>
            <param index="0">
              <value>
                <![CDATA[public void com.smart.service.UserServiceTest.testAddLoginLog()]]>
              </value>
            </param>
          </params>
          <reporter-output>
          </reporter-output>
        </test-method> <!-- springTestContextAfterTestMethod -->
        <test-method status="PASS" signature="springTestContextAfterTestMethod(java.lang.reflect.Method)[pri:0, instance:com.smart.service.UserServiceTest@5c5a1b69]" name="springTestContextAfterTestMethod" is-config="true" duration-ms="2" started-at="2017-10-11T13:50:36Z" finished-at="2017-10-11T13:50:36Z">
          <params>
            <param index="0">
              <value>
                <![CDATA[public void com.smart.service.UserServiceTest.testFindUserByUserName() throws java.lang.Exception]]>
              </value>
            </param>
          </params>
          <reporter-output>
          </reporter-output>
        </test-method> <!-- springTestContextAfterTestMethod -->
        <test-method status="PASS" signature="springTestContextAfterTestClass()[pri:0, instance:com.smart.service.UserServiceTest@5c5a1b69]" name="springTestContextAfterTestClass" is-config="true" duration-ms="0" started-at="2017-10-11T13:50:36Z" finished-at="2017-10-11T13:50:36Z">
          <reporter-output>
          </reporter-output>
        </test-method> <!-- springTestContextAfterTestClass -->
      </class> <!-- com.smart.service.UserServiceTest -->
    </test> <!-- Surefire test -->
  </suite> <!-- Surefire suite -->
</testng-results>
