<?xml version="1.0" encoding="UTF-8"?>
<!-- Generated by org.testng.reporters.JUnitXMLReporter -->
<testsuite hostname="lizy-PC" name="Surefire test" tests="3" failures="0" timestamp="11 Oct 2017 05:50:36 GMT" time="1.406" errors="0">
  <testcase name="testHasMatchUser" time="0.046" classname="com.smart.service.UserServiceTest"/>
  <testcase name="testAddLoginLog" time="0.139" classname="com.smart.service.UserServiceTest"/>
  <testcase name="testFindUserByUserName" time="0.159" classname="com.smart.service.UserServiceTest"/>
</testsuite> <!-- Surefire test -->
